2022-09-13 19:39:42,255 UFM-gRPC-Streamer-log_file_name Machine: localhost     INFO   : Starting server with host localhost
2022-09-13 19:39:55,591 UFM-gRPC-Streamer-log_file_name Machine: localhost     INFO   : Called to subscribe to ID and stream data when a stream with that ID is used. local
2022-09-13 19:39:55,592 UFM-gRPC-Streamer-log_file_name Machine: localhost     INFO   : String to stream job with threads. local
2022-09-13 19:39:55,592 UFM-gRPC-Streamer-log_file_name Machine: localhost     ERROR  : Cant run client without session, please use CreateSession first. Need to create a session
2022-09-13 19:39:55,593 UFM-gRPC-Streamer-log_file_name Machine: localhost     INFO   : Stopping stream because client stop connecting to the server. %s
2022-09-13 19:40:05,764 UFM-gRPC-Streamer-log_file_name Machine: localhost     INFO   : Creating new session to the ufm. local
2022-09-13 19:40:05,767 UFM-gRPC-Streamer-log_file_name Machine: localhost     INFO   : Creating new destination: local
2022-09-13 19:41:41,456 UFM-gRPC-Streamer-log_file_name Machine: localhost     INFO   : Stopping server with host localhost
2022-09-13 19:41:41,902 UFM-gRPC-Streamer-log_file_name Machine: localhost     INFO   : Starting server with host localhost
2022-09-13 19:41:46,847 UFM-gRPC-Streamer-log_file_name Machine: localhost     INFO   : Creating new session to the ufm. local
2022-09-13 19:41:46,850 UFM-gRPC-Streamer-log_file_name Machine: localhost     INFO   : Creating new destination: local
2022-09-13 19:41:46,852 UFM-gRPC-Streamer-log_file_name Machine: localhost     INFO   : Called to extract api data from a job once. local
2022-09-13 19:42:00,194 UFM-gRPC-Streamer-log_file_name Machine: localhost     INFO   : Stopping server with host localhost
2022-09-14 15:10:09,614 UFM-gRPC-Streamer-log_file_name Machine: localhost     INFO   : Starting server with host localhost
2022-09-14 15:10:12,048 UFM-gRPC-Streamer-log_file_name Machine: localhost     INFO   : Stopping server with host localhost
2022-09-20 15:18:44,068 UFM-gRPC-Streamer-log_file_name Machine: localhost     INFO   : Starting server with host localhost
2022-09-20 15:19:37,906 UFM-gRPC-Streamer-log_file_name Machine: localhost     INFO   : Stopping server with host localhost
2022-09-20 15:46:18,441 UFM-gRPC-Streamer-log_file_name Machine: localhost     INFO   : Starting server with host localhost
2022-09-20 15:47:03,501 UFM-gRPC-Streamer-log_file_name Machine: localhost     ERROR  : Cannot connect to the ufm server. 'NoneType' object has no attribute 'status_code'
2022-09-20 15:49:47,667 UFM-gRPC-Streamer-log_file_name Machine: localhost     INFO   : Starting server with host localhost
2022-09-20 15:49:54,383 UFM-gRPC-Streamer-log_file_name Machine: localhost     ERROR  : Cannot connect to the ufm server. 'NoneType' object has no attribute 'status_code'
2022-09-20 15:49:54,386 UFM-gRPC-Streamer-log_file_name Machine: localhost     INFO   : Called to run once an api data from a new destination. client1
2022-09-20 15:49:54,448 UFM-gRPC-Streamer-log_file_name Machine: localhost     ERROR  : Exception calling application: Cannot set runOnceRespond.job_id to 1: 1 has type <class 'int'>, but expected one of: (<class 'bytes'>, <class 'str'>) for field runOnceRespond.job_id
Traceback (most recent call last):
  File "/usr/local/lib/python3.6/dist-packages/google/protobuf/internal/python_message.py", line 702, in field_setter
    new_value = type_checker.CheckValue(new_value)
  File "/usr/local/lib/python3.6/dist-packages/google/protobuf/internal/type_checkers.py", line 198, in CheckValue
    raise TypeError(message)
TypeError: 1 has type <class 'int'>, but expected one of: (<class 'bytes'>, <class 'str'>)

During handling of the above exception, another exception occurred:

Traceback (most recent call last):
  File "/usr/local/lib/python3.6/dist-packages/google/protobuf/internal/python_message.py", line 558, in init
    setattr(self, field_name, field_value)
  File "/usr/local/lib/python3.6/dist-packages/google/protobuf/internal/python_message.py", line 705, in field_setter
    'Cannot set %s to %.1024r: %s' % (field.full_name, new_value, e))
TypeError: Cannot set runOnceRespond.job_id to 1: 1 has type <class 'int'>, but expected one of: (<class 'bytes'>, <class 'str'>)

During handling of the above exception, another exception occurred:

Traceback (most recent call last):
  File "/usr/local/lib/python3.6/dist-packages/grpc/_server.py", line 443, in _call_behavior
    response_or_iterator = behavior(argument, context)
  File "/.autodirect/mtrswgwork/egershon/git/ufm_sdk_3.0/plugins/grpc_streamer_plugin/ufm_sim_web_service/grpc_server.py", line 202, in RunOnce
    return grpc_plugin_streamer_pb2.runOnceRespond(job_id=messages[0].job_id, results=messages)
  File "/usr/local/lib/python3.6/dist-packages/google/protobuf/internal/python_message.py", line 560, in init
    _ReraiseTypeErrorWithFieldName(message_descriptor.name, field_name)
  File "/usr/local/lib/python3.6/dist-packages/google/protobuf/internal/python_message.py", line 477, in _ReraiseTypeErrorWithFieldName
    raise exc.with_traceback(sys.exc_info()[2])
  File "/usr/local/lib/python3.6/dist-packages/google/protobuf/internal/python_message.py", line 558, in init
    setattr(self, field_name, field_value)
  File "/usr/local/lib/python3.6/dist-packages/google/protobuf/internal/python_message.py", line 705, in field_setter
    'Cannot set %s to %.1024r: %s' % (field.full_name, new_value, e))
TypeError: Cannot set runOnceRespond.job_id to 1: 1 has type <class 'int'>, but expected one of: (<class 'bytes'>, <class 'str'>) for field runOnceRespond.job_id
2022-09-20 16:48:06,482 UFM-gRPC-Streamer-log_file_name Machine: localhost     INFO   : Starting server with host localhost
2022-09-20 16:48:38,883 UFM-gRPC-Streamer-log_file_name Machine: localhost     ERROR  : Cannot connect to the ufm server. 'NoneType' object has no attribute 'status_code'
2022-09-20 16:56:09,740 UFM-gRPC-Streamer-log_file_name Machine: localhost     INFO   : Starting server with host localhost
2022-09-20 17:16:06,970 UFM-gRPC-Streamer-log_file_name Machine: localhost     INFO   : Starting server with host localhost
2022-09-20 17:16:09,814 UFM-gRPC-Streamer-log_file_name Machine: localhost     ERROR  : Cannot connect to the ufm server. 'NoneType' object has no attribute 'status_code'
2022-09-20 17:16:09,816 UFM-gRPC-Streamer-log_file_name Machine: localhost     INFO   : Called to run once an api data from a new destination. client1
2022-09-20 17:16:09,884 UFM-gRPC-Streamer-log_file_name Machine: localhost     ERROR  : Exception calling application: Cannot set runOnceRespond.job_id to 1: 1 has type <class 'int'>, but expected one of: (<class 'bytes'>, <class 'str'>) for field runOnceRespond.job_id
Traceback (most recent call last):
  File "/usr/local/lib/python3.6/dist-packages/google/protobuf/internal/python_message.py", line 702, in field_setter
    new_value = type_checker.CheckValue(new_value)
  File "/usr/local/lib/python3.6/dist-packages/google/protobuf/internal/type_checkers.py", line 198, in CheckValue
    raise TypeError(message)
TypeError: 1 has type <class 'int'>, but expected one of: (<class 'bytes'>, <class 'str'>)

During handling of the above exception, another exception occurred:

Traceback (most recent call last):
  File "/usr/local/lib/python3.6/dist-packages/google/protobuf/internal/python_message.py", line 558, in init
    setattr(self, field_name, field_value)
  File "/usr/local/lib/python3.6/dist-packages/google/protobuf/internal/python_message.py", line 705, in field_setter
    'Cannot set %s to %.1024r: %s' % (field.full_name, new_value, e))
TypeError: Cannot set runOnceRespond.job_id to 1: 1 has type <class 'int'>, but expected one of: (<class 'bytes'>, <class 'str'>)

During handling of the above exception, another exception occurred:

Traceback (most recent call last):
  File "/usr/local/lib/python3.6/dist-packages/grpc/_server.py", line 443, in _call_behavior
    response_or_iterator = behavior(argument, context)
  File "/.autodirect/mtrswgwork/egershon/git/ufm_sdk_3.0/plugins/grpc_streamer_plugin/ufm_sim_web_service/grpc_server.py", line 202, in RunOnce
    return grpc_plugin_streamer_pb2.runOnceRespond(job_id=messages[0].job_id, results=messages)
  File "/usr/local/lib/python3.6/dist-packages/google/protobuf/internal/python_message.py", line 560, in init
    _ReraiseTypeErrorWithFieldName(message_descriptor.name, field_name)
  File "/usr/local/lib/python3.6/dist-packages/google/protobuf/internal/python_message.py", line 477, in _ReraiseTypeErrorWithFieldName
    raise exc.with_traceback(sys.exc_info()[2])
  File "/usr/local/lib/python3.6/dist-packages/google/protobuf/internal/python_message.py", line 558, in init
    setattr(self, field_name, field_value)
  File "/usr/local/lib/python3.6/dist-packages/google/protobuf/internal/python_message.py", line 705, in field_setter
    'Cannot set %s to %.1024r: %s' % (field.full_name, new_value, e))
TypeError: Cannot set runOnceRespond.job_id to 1: 1 has type <class 'int'>, but expected one of: (<class 'bytes'>, <class 'str'>) for field runOnceRespond.job_id
2022-09-20 17:16:48,570 UFM-gRPC-Streamer-log_file_name Machine: localhost     INFO   : Starting server with host localhost
2022-09-20 17:16:49,812 UFM-gRPC-Streamer-log_file_name Machine: localhost     ERROR  : Cannot connect to the ufm server. 'NoneType' object has no attribute 'status_code'
2022-09-20 17:16:49,814 UFM-gRPC-Streamer-log_file_name Machine: localhost     INFO   : Called to run once an api data from a new destination. client1
2022-09-20 17:16:49,879 UFM-gRPC-Streamer-log_file_name Machine: localhost     ERROR  : Exception calling application: Cannot set runOnceRespond.job_id to 1: 1 has type <class 'int'>, but expected one of: (<class 'bytes'>, <class 'str'>) for field runOnceRespond.job_id
Traceback (most recent call last):
  File "/usr/local/lib/python3.6/dist-packages/google/protobuf/internal/python_message.py", line 702, in field_setter
    new_value = type_checker.CheckValue(new_value)
  File "/usr/local/lib/python3.6/dist-packages/google/protobuf/internal/type_checkers.py", line 198, in CheckValue
    raise TypeError(message)
TypeError: 1 has type <class 'int'>, but expected one of: (<class 'bytes'>, <class 'str'>)

During handling of the above exception, another exception occurred:

Traceback (most recent call last):
  File "/usr/local/lib/python3.6/dist-packages/google/protobuf/internal/python_message.py", line 558, in init
    setattr(self, field_name, field_value)
  File "/usr/local/lib/python3.6/dist-packages/google/protobuf/internal/python_message.py", line 705, in field_setter
    'Cannot set %s to %.1024r: %s' % (field.full_name, new_value, e))
TypeError: Cannot set runOnceRespond.job_id to 1: 1 has type <class 'int'>, but expected one of: (<class 'bytes'>, <class 'str'>)

During handling of the above exception, another exception occurred:

Traceback (most recent call last):
  File "/usr/local/lib/python3.6/dist-packages/grpc/_server.py", line 443, in _call_behavior
    response_or_iterator = behavior(argument, context)
  File "/.autodirect/mtrswgwork/egershon/git/ufm_sdk_3.0/plugins/grpc_streamer_plugin/ufm_sim_web_service/grpc_server.py", line 202, in RunOnce
    return grpc_plugin_streamer_pb2.runOnceRespond(job_id=messages[0].job_id, results=messages)
  File "/usr/local/lib/python3.6/dist-packages/google/protobuf/internal/python_message.py", line 560, in init
    _ReraiseTypeErrorWithFieldName(message_descriptor.name, field_name)
  File "/usr/local/lib/python3.6/dist-packages/google/protobuf/internal/python_message.py", line 477, in _ReraiseTypeErrorWithFieldName
    raise exc.with_traceback(sys.exc_info()[2])
  File "/usr/local/lib/python3.6/dist-packages/google/protobuf/internal/python_message.py", line 558, in init
    setattr(self, field_name, field_value)
  File "/usr/local/lib/python3.6/dist-packages/google/protobuf/internal/python_message.py", line 705, in field_setter
    'Cannot set %s to %.1024r: %s' % (field.full_name, new_value, e))
TypeError: Cannot set runOnceRespond.job_id to 1: 1 has type <class 'int'>, but expected one of: (<class 'bytes'>, <class 'str'>) for field runOnceRespond.job_id
2022-09-20 17:17:50,642 UFM-gRPC-Streamer-log_file_name Machine: localhost     INFO   : Starting server with host localhost
2022-09-20 17:18:08,891 UFM-gRPC-Streamer-log_file_name Machine: localhost     ERROR  : Cannot connect to the ufm server. 'NoneType' object has no attribute 'status_code'
2022-09-20 17:18:08,894 UFM-gRPC-Streamer-log_file_name Machine: localhost     INFO   : Creating new destination: local
2022-09-20 17:18:08,896 UFM-gRPC-Streamer-log_file_name Machine: localhost     INFO   : Called to extract api data from a job once. local
2022-09-20 17:18:34,654 UFM-gRPC-Streamer-log_file_name Machine: localhost     ERROR  : Cannot connect to the ufm server. 'NoneType' object has no attribute 'status_code'
2022-09-20 17:18:34,656 UFM-gRPC-Streamer-log_file_name Machine: localhost     INFO   : Cannot create destination. %sAlready exists destination: local
2022-09-20 17:18:34,659 UFM-gRPC-Streamer-log_file_name Machine: localhost     INFO   : Called to extract api data from a job once. local
2022-09-20 17:18:38,454 UFM-gRPC-Streamer-log_file_name Machine: localhost     INFO   : Stopping server with host localhost
2022-09-20 17:18:38,896 UFM-gRPC-Streamer-log_file_name Machine: localhost     INFO   : Starting server with host localhost
2022-09-20 17:18:41,838 UFM-gRPC-Streamer-log_file_name Machine: localhost     ERROR  : Cannot connect to the ufm server. 'NoneType' object has no attribute 'status_code'
2022-09-20 17:18:41,841 UFM-gRPC-Streamer-log_file_name Machine: localhost     INFO   : Creating new destination: local
2022-09-20 17:18:41,844 UFM-gRPC-Streamer-log_file_name Machine: localhost     INFO   : Called to extract api data from a job once. local
2022-09-20 17:19:15,661 UFM-gRPC-Streamer-log_file_name Machine: localhost     INFO   : Stopping server with host localhost
2022-09-20 17:19:16,061 UFM-gRPC-Streamer-log_file_name Machine: localhost     INFO   : Starting server with host localhost
2022-09-20 17:19:19,127 UFM-gRPC-Streamer-log_file_name Machine: localhost     ERROR  : Cannot connect to the ufm server. 'NoneType' object has no attribute 'status_code'
2022-09-20 17:19:19,130 UFM-gRPC-Streamer-log_file_name Machine: localhost     INFO   : Creating new destination: local
2022-09-20 17:19:19,133 UFM-gRPC-Streamer-log_file_name Machine: localhost     INFO   : Called to extract api data from a job once. local
2022-09-20 17:19:28,743 UFM-gRPC-Streamer-log_file_name Machine: localhost     INFO   : Stopping server with host localhost
2022-09-20 17:19:29,118 UFM-gRPC-Streamer-log_file_name Machine: localhost     INFO   : Starting server with host localhost
2022-09-20 17:19:31,157 UFM-gRPC-Streamer-log_file_name Machine: localhost     ERROR  : Cannot connect to the ufm server. 'NoneType' object has no attribute 'status_code'
2022-09-20 17:19:31,159 UFM-gRPC-Streamer-log_file_name Machine: localhost     INFO   : Creating new destination: local
2022-09-20 17:19:31,163 UFM-gRPC-Streamer-log_file_name Machine: localhost     INFO   : Called to extract api data from a job once. local
2022-09-20 17:19:39,774 UFM-gRPC-Streamer-log_file_name Machine: localhost     INFO   : Stopping server with host localhost
2022-09-20 17:19:50,970 UFM-gRPC-Streamer-log_file_name Machine: localhost     INFO   : Starting server with host localhost
2022-09-20 17:20:03,841 UFM-gRPC-Streamer-log_file_name Machine: localhost     ERROR  : Cannot connect to the ufm server. 'NoneType' object has no attribute 'status_code'
2022-09-20 17:20:14,332 UFM-gRPC-Streamer-log_file_name Machine: localhost     INFO   : Stopping server with host localhost
2022-09-20 17:20:18,599 UFM-gRPC-Streamer-log_file_name Machine: localhost     INFO   : Starting server with host localhost
2022-09-20 17:23:41,651 UFM-gRPC-Streamer-log_file_name Machine: localhost     INFO   : Stopping server with host localhost
2022-09-20 17:23:59,039 UFM-gRPC-Streamer-log_file_name Machine: localhost     INFO   : Starting server with host localhost
2022-09-20 17:24:03,104 UFM-gRPC-Streamer-log_file_name Machine: localhost     ERROR  : Exception calling application: Invalid URL 'localhost': No schema supplied. Perhaps you meant http://localhost?
Traceback (most recent call last):
  File "/usr/local/lib/python3.6/dist-packages/grpc/_server.py", line 443, in _call_behavior
    response_or_iterator = behavior(argument, context)
  File "/.autodirect/mtrswgwork/egershon/git/ufm_sdk_3.0/plugins/grpc_streamer_plugin/ufm_sim_web_service/grpc_server.py", line 120, in CreateSession
    result = self.__create_session__(ip, auth)
  File "/.autodirect/mtrswgwork/egershon/git/ufm_sdk_3.0/plugins/grpc_streamer_plugin/ufm_sim_web_service/grpc_server.py", line 98, in __create_session__
    self._session[client].get(self._host)
  File "/usr/lib/python3/dist-packages/requests/sessions.py", line 533, in get
    return self.request('GET', url, **kwargs)
  File "/usr/lib/python3/dist-packages/requests/sessions.py", line 506, in request
    prep = self.prepare_request(req)
  File "/usr/lib/python3/dist-packages/requests/sessions.py", line 449, in prepare_request
    hooks=merge_hooks(request.hooks, self.hooks),
  File "/usr/lib/python3/dist-packages/requests/models.py", line 305, in prepare
    self.prepare_url(url, params)
  File "/usr/lib/python3/dist-packages/requests/models.py", line 379, in prepare_url
    raise MissingSchema(error)
requests.exceptions.MissingSchema: Invalid URL 'localhost': No schema supplied. Perhaps you meant http://localhost?
2022-09-20 17:24:10,223 UFM-gRPC-Streamer-log_file_name Machine: localhost     INFO   : Stopping server with host localhost
2022-09-20 17:24:26,760 UFM-gRPC-Streamer-log_file_name Machine: localhost     INFO   : Starting server with host localhost
2022-09-20 17:26:06,521 UFM-gRPC-Streamer-log_file_name Machine: localhost     INFO   : Stopping server with host localhost
2022-09-20 17:27:58,836 UFM-gRPC-Streamer-log_file_name Machine: localhost     INFO   : Starting server with host localhost
2022-09-20 17:30:58,264 UFM-gRPC-Streamer-log_file_name Machine: localhost     INFO   : Stopping server with host localhost
2022-09-20 17:31:02,313 UFM-gRPC-Streamer-log_file_name Machine: localhost     INFO   : Starting server with host localhost
2022-09-20 17:31:14,694 UFM-gRPC-Streamer-log_file_name Machine: localhost     INFO   : Creating new session to the ufm. local
2022-09-20 17:31:23,179 UFM-gRPC-Streamer-log_file_name Machine: localhost     INFO   : Stopping server with host localhost
2022-09-20 17:31:45,139 UFM-gRPC-Streamer-log_file_name Machine: localhost     INFO   : Starting server with host localhost
2022-09-20 17:32:18,616 UFM-gRPC-Streamer-log_file_name Machine: localhost     INFO   : Creating new session to the ufm. client1
2022-09-20 17:32:18,619 UFM-gRPC-Streamer-log_file_name Machine: localhost     INFO   : Called to run once an api data from a new destination. client1
2022-09-20 17:32:18,669 UFM-gRPC-Streamer-log_file_name Machine: localhost     ERROR  : Exception calling application: Cannot set runOnceRespond.job_id to 1: 1 has type <class 'int'>, but expected one of: (<class 'bytes'>, <class 'str'>) for field runOnceRespond.job_id
Traceback (most recent call last):
  File "/usr/local/lib/python3.6/dist-packages/google/protobuf/internal/python_message.py", line 702, in field_setter
    new_value = type_checker.CheckValue(new_value)
  File "/usr/local/lib/python3.6/dist-packages/google/protobuf/internal/type_checkers.py", line 198, in CheckValue
    raise TypeError(message)
TypeError: 1 has type <class 'int'>, but expected one of: (<class 'bytes'>, <class 'str'>)

During handling of the above exception, another exception occurred:

Traceback (most recent call last):
  File "/usr/local/lib/python3.6/dist-packages/google/protobuf/internal/python_message.py", line 558, in init
    setattr(self, field_name, field_value)
  File "/usr/local/lib/python3.6/dist-packages/google/protobuf/internal/python_message.py", line 705, in field_setter
    'Cannot set %s to %.1024r: %s' % (field.full_name, new_value, e))
TypeError: Cannot set runOnceRespond.job_id to 1: 1 has type <class 'int'>, but expected one of: (<class 'bytes'>, <class 'str'>)

During handling of the above exception, another exception occurred:

Traceback (most recent call last):
  File "/usr/local/lib/python3.6/dist-packages/grpc/_server.py", line 443, in _call_behavior
    response_or_iterator = behavior(argument, context)
  File "/.autodirect/mtrswgwork/egershon/git/ufm_sdk_3.0/plugins/grpc_streamer_plugin/ufm_sim_web_service/grpc_server.py", line 201, in RunOnce
    return grpc_plugin_streamer_pb2.runOnceRespond(job_id=messages[0].job_id, results=messages)
  File "/usr/local/lib/python3.6/dist-packages/google/protobuf/internal/python_message.py", line 560, in init
    _ReraiseTypeErrorWithFieldName(message_descriptor.name, field_name)
  File "/usr/local/lib/python3.6/dist-packages/google/protobuf/internal/python_message.py", line 477, in _ReraiseTypeErrorWithFieldName
    raise exc.with_traceback(sys.exc_info()[2])
  File "/usr/local/lib/python3.6/dist-packages/google/protobuf/internal/python_message.py", line 558, in init
    setattr(self, field_name, field_value)
  File "/usr/local/lib/python3.6/dist-packages/google/protobuf/internal/python_message.py", line 705, in field_setter
    'Cannot set %s to %.1024r: %s' % (field.full_name, new_value, e))
TypeError: Cannot set runOnceRespond.job_id to 1: 1 has type <class 'int'>, but expected one of: (<class 'bytes'>, <class 'str'>) for field runOnceRespond.job_id
2022-09-20 17:47:37,325 UFM-gRPC-Streamer-log_file_name Machine: localhost     INFO   : Stopping server with host localhost
2022-09-20 17:47:57,254 UFM-gRPC-Streamer-log_file_name Machine: localhost     INFO   : Starting server with host localhost
2022-09-20 17:48:30,010 UFM-gRPC-Streamer-log_file_name Machine: localhost     INFO   : Creating new session to the ufm. client2
2022-09-20 17:48:30,013 UFM-gRPC-Streamer-log_file_name Machine: localhost     INFO   : Called to run once an api data from a new destination. client2
2022-09-20 17:48:30,060 UFM-gRPC-Streamer-log_file_name Machine: localhost     ERROR  : Exception calling application: Cannot set gRPCStreamerParams.job_id to 1: 1 has type <class 'int'>, but expected one of: (<class 'bytes'>, <class 'str'>)
Traceback (most recent call last):
  File "/usr/local/lib/python3.6/dist-packages/google/protobuf/internal/python_message.py", line 702, in field_setter
    new_value = type_checker.CheckValue(new_value)
  File "/usr/local/lib/python3.6/dist-packages/google/protobuf/internal/type_checkers.py", line 198, in CheckValue
    raise TypeError(message)
TypeError: 1 has type <class 'int'>, but expected one of: (<class 'bytes'>, <class 'str'>)

During handling of the above exception, another exception occurred:

Traceback (most recent call last):
  File "/usr/local/lib/python3.6/dist-packages/grpc/_server.py", line 443, in _call_behavior
    response_or_iterator = behavior(argument, context)
  File "/.autodirect/mtrswgwork/egershon/git/ufm_sdk_3.0/plugins/grpc_streamer_plugin/ufm_sim_web_service/grpc_server.py", line 200, in RunOnce
    messages = destination.all_result()
  File "/.autodirect/mtrswgwork/egershon/git/ufm_sdk_3.0/plugins/grpc_streamer_plugin/ufm_sim_web_service/Destination.py", line 105, in all_result
    output.append(self._encode_results_(message[0], message[1]))
  File "/.autodirect/mtrswgwork/egershon/git/ufm_sdk_3.0/plugins/grpc_streamer_plugin/ufm_sim_web_service/Destination.py", line 141, in _encode_results_
    des_message.job_id = Destination.job_id_messages
  File "/usr/local/lib/python3.6/dist-packages/google/protobuf/internal/python_message.py", line 705, in field_setter
    'Cannot set %s to %.1024r: %s' % (field.full_name, new_value, e))
TypeError: Cannot set gRPCStreamerParams.job_id to 1: 1 has type <class 'int'>, but expected one of: (<class 'bytes'>, <class 'str'>)
2022-09-20 17:52:40,714 UFM-gRPC-Streamer-log_file_name Machine: localhost     INFO   : Starting server with host localhost
2022-09-20 17:52:42,911 UFM-gRPC-Streamer-log_file_name Machine: localhost     INFO   : Creating new session to the ufm. local
2022-09-20 17:52:42,915 UFM-gRPC-Streamer-log_file_name Machine: localhost     INFO   : Creating new destination: local
2022-09-20 17:52:42,919 UFM-gRPC-Streamer-log_file_name Machine: localhost     INFO   : Called to extract api data from a job once. local
2022-09-20 17:56:37,779 UFM-gRPC-Streamer-log_file_name Machine: localhost     INFO   : Stopping server with host localhost
2022-09-20 17:56:45,577 UFM-gRPC-Streamer-log_file_name Machine: localhost     INFO   : Starting server with host localhost
2022-09-20 17:57:26,550 UFM-gRPC-Streamer-log_file_name Machine: localhost     INFO   : Creating new session to the ufm. local
2022-09-20 18:00:55,518 UFM-gRPC-Streamer-log_file_name Machine: localhost     INFO   : Creating new destination: local
2022-09-20 18:01:02,645 UFM-gRPC-Streamer-log_file_name Machine: localhost     INFO   : Called to extract api data from a job once. local
2022-09-20 18:01:02,705 UFM-gRPC-Streamer-log_file_name Machine: localhost     ERROR  : Exception calling application: Cannot set gRPCStreamerParams.job_id to 1: 1 has type <class 'int'>, but expected one of: (<class 'bytes'>, <class 'str'>)
Traceback (most recent call last):
  File "/usr/local/lib/python3.6/dist-packages/google/protobuf/internal/python_message.py", line 702, in field_setter
    new_value = type_checker.CheckValue(new_value)
  File "/usr/local/lib/python3.6/dist-packages/google/protobuf/internal/type_checkers.py", line 198, in CheckValue
    raise TypeError(message)
TypeError: 1 has type <class 'int'>, but expected one of: (<class 'bytes'>, <class 'str'>)

During handling of the above exception, another exception occurred:

Traceback (most recent call last):
  File "/usr/local/lib/python3.6/dist-packages/grpc/_server.py", line 443, in _call_behavior
    response_or_iterator = behavior(argument, context)
  File "/.autodirect/mtrswgwork/egershon/git/ufm_sdk_3.0/plugins/grpc_streamer_plugin/ufm_sim_web_service/grpc_server.py", line 172, in RunOnceJob
    messages = job.all_result()
  File "/.autodirect/mtrswgwork/egershon/git/ufm_sdk_3.0/plugins/grpc_streamer_plugin/ufm_sim_web_service/Destination.py", line 105, in all_result
    output.append(self._encode_results_(message[0], message[1]))
  File "/.autodirect/mtrswgwork/egershon/git/ufm_sdk_3.0/plugins/grpc_streamer_plugin/ufm_sim_web_service/Destination.py", line 141, in _encode_results_
    des_message.job_id = Destination.job_id_messages
  File "/usr/local/lib/python3.6/dist-packages/google/protobuf/internal/python_message.py", line 705, in field_setter
    'Cannot set %s to %.1024r: %s' % (field.full_name, new_value, e))
TypeError: Cannot set gRPCStreamerParams.job_id to 1: 1 has type <class 'int'>, but expected one of: (<class 'bytes'>, <class 'str'>)
2022-09-20 18:01:18,872 UFM-gRPC-Streamer-log_file_name Machine: localhost     INFO   : Creating new session to the ufm. local
2022-09-20 18:01:18,876 UFM-gRPC-Streamer-log_file_name Machine: localhost     INFO   : Cannot create destination. %sAlready exists destination: local
2022-09-20 18:01:18,883 UFM-gRPC-Streamer-log_file_name Machine: localhost     INFO   : Called to extract api data from a job once. local
2022-09-20 18:01:18,940 UFM-gRPC-Streamer-log_file_name Machine: localhost     ERROR  : Exception calling application: Cannot set gRPCStreamerParams.job_id to 1: 1 has type <class 'int'>, but expected one of: (<class 'bytes'>, <class 'str'>)
Traceback (most recent call last):
  File "/usr/local/lib/python3.6/dist-packages/google/protobuf/internal/python_message.py", line 702, in field_setter
    new_value = type_checker.CheckValue(new_value)
  File "/usr/local/lib/python3.6/dist-packages/google/protobuf/internal/type_checkers.py", line 198, in CheckValue
    raise TypeError(message)
TypeError: 1 has type <class 'int'>, but expected one of: (<class 'bytes'>, <class 'str'>)

During handling of the above exception, another exception occurred:

Traceback (most recent call last):
  File "/usr/local/lib/python3.6/dist-packages/grpc/_server.py", line 443, in _call_behavior
    response_or_iterator = behavior(argument, context)
  File "/.autodirect/mtrswgwork/egershon/git/ufm_sdk_3.0/plugins/grpc_streamer_plugin/ufm_sim_web_service/grpc_server.py", line 172, in RunOnceJob
    messages = job.all_result()
  File "/.autodirect/mtrswgwork/egershon/git/ufm_sdk_3.0/plugins/grpc_streamer_plugin/ufm_sim_web_service/Destination.py", line 105, in all_result
    output.append(self._encode_results_(message[0], message[1]))
  File "/.autodirect/mtrswgwork/egershon/git/ufm_sdk_3.0/plugins/grpc_streamer_plugin/ufm_sim_web_service/Destination.py", line 141, in _encode_results_
    des_message.job_id = Destination.job_id_messages
  File "/usr/local/lib/python3.6/dist-packages/google/protobuf/internal/python_message.py", line 705, in field_setter
    'Cannot set %s to %.1024r: %s' % (field.full_name, new_value, e))
TypeError: Cannot set gRPCStreamerParams.job_id to 1: 1 has type <class 'int'>, but expected one of: (<class 'bytes'>, <class 'str'>)
2022-09-20 18:05:28,736 UFM-gRPC-Streamer-log_file_name Machine: localhost     INFO   : Creating new session to the ufm. local
2022-09-20 18:06:09,087 UFM-gRPC-Streamer-log_file_name Machine: localhost     INFO   : Cannot create destination. %sAlready exists destination: local
2022-09-20 18:06:21,962 UFM-gRPC-Streamer-log_file_name Machine: localhost     INFO   : Called to extract api data from a job once. local
2022-09-20 18:06:22,012 UFM-gRPC-Streamer-log_file_name Machine: localhost     ERROR  : Exception calling application: Cannot set gRPCStreamerParams.job_id to 1: 1 has type <class 'int'>, but expected one of: (<class 'bytes'>, <class 'str'>)
Traceback (most recent call last):
  File "/usr/local/lib/python3.6/dist-packages/google/protobuf/internal/python_message.py", line 702, in field_setter
    new_value = type_checker.CheckValue(new_value)
  File "/usr/local/lib/python3.6/dist-packages/google/protobuf/internal/type_checkers.py", line 198, in CheckValue
    raise TypeError(message)
TypeError: 1 has type <class 'int'>, but expected one of: (<class 'bytes'>, <class 'str'>)

During handling of the above exception, another exception occurred:

Traceback (most recent call last):
  File "/usr/local/lib/python3.6/dist-packages/grpc/_server.py", line 443, in _call_behavior
    response_or_iterator = behavior(argument, context)
  File "/.autodirect/mtrswgwork/egershon/git/ufm_sdk_3.0/plugins/grpc_streamer_plugin/ufm_sim_web_service/grpc_server.py", line 172, in RunOnceJob
    messages = job.all_result()
  File "/.autodirect/mtrswgwork/egershon/git/ufm_sdk_3.0/plugins/grpc_streamer_plugin/ufm_sim_web_service/Destination.py", line 105, in all_result
    output.append(self._encode_results_(message[0], message[1]))
  File "/.autodirect/mtrswgwork/egershon/git/ufm_sdk_3.0/plugins/grpc_streamer_plugin/ufm_sim_web_service/Destination.py", line 141, in _encode_results_
    des_message.job_id = Destination.job_id_messages
  File "/usr/local/lib/python3.6/dist-packages/google/protobuf/internal/python_message.py", line 705, in field_setter
    'Cannot set %s to %.1024r: %s' % (field.full_name, new_value, e))
TypeError: Cannot set gRPCStreamerParams.job_id to 1: 1 has type <class 'int'>, but expected one of: (<class 'bytes'>, <class 'str'>)
2022-09-20 18:06:32,802 UFM-gRPC-Streamer-log_file_name Machine: localhost     INFO   : Called to extract api data from a job once. local
2022-09-20 18:06:32,844 UFM-gRPC-Streamer-log_file_name Machine: localhost     ERROR  : Exception calling application: Cannot set gRPCStreamerParams.job_id to 1: 1 has type <class 'int'>, but expected one of: (<class 'bytes'>, <class 'str'>)
Traceback (most recent call last):
  File "/usr/local/lib/python3.6/dist-packages/google/protobuf/internal/python_message.py", line 702, in field_setter
    new_value = type_checker.CheckValue(new_value)
  File "/usr/local/lib/python3.6/dist-packages/google/protobuf/internal/type_checkers.py", line 198, in CheckValue
    raise TypeError(message)
TypeError: 1 has type <class 'int'>, but expected one of: (<class 'bytes'>, <class 'str'>)

During handling of the above exception, another exception occurred:

Traceback (most recent call last):
  File "/usr/local/lib/python3.6/dist-packages/grpc/_server.py", line 443, in _call_behavior
    response_or_iterator = behavior(argument, context)
  File "/.autodirect/mtrswgwork/egershon/git/ufm_sdk_3.0/plugins/grpc_streamer_plugin/ufm_sim_web_service/grpc_server.py", line 172, in RunOnceJob
    messages = job.all_result()
  File "/.autodirect/mtrswgwork/egershon/git/ufm_sdk_3.0/plugins/grpc_streamer_plugin/ufm_sim_web_service/Destination.py", line 105, in all_result
    output.append(self._encode_results_(message[0], message[1]))
  File "/.autodirect/mtrswgwork/egershon/git/ufm_sdk_3.0/plugins/grpc_streamer_plugin/ufm_sim_web_service/Destination.py", line 141, in _encode_results_
    des_message.job_id = Destination.job_id_messages
  File "/usr/local/lib/python3.6/dist-packages/google/protobuf/internal/python_message.py", line 705, in field_setter
    'Cannot set %s to %.1024r: %s' % (field.full_name, new_value, e))
TypeError: Cannot set gRPCStreamerParams.job_id to 1: 1 has type <class 'int'>, but expected one of: (<class 'bytes'>, <class 'str'>)
2022-09-20 18:10:59,562 UFM-gRPC-Streamer-log_file_name Machine: localhost     INFO   : Creating new session to the ufm. local
2022-09-20 18:11:01,210 UFM-gRPC-Streamer-log_file_name Machine: localhost     INFO   : Cannot create destination. %sAlready exists destination: local
2022-09-20 18:11:01,216 UFM-gRPC-Streamer-log_file_name Machine: localhost     INFO   : Called to extract api data from a job once. local
2022-09-20 18:11:06,098 UFM-gRPC-Streamer-log_file_name Machine: localhost     ERROR  : Exception calling application: Cannot set gRPCStreamerParams.job_id to 1: 1 has type <class 'int'>, but expected one of: (<class 'bytes'>, <class 'str'>)
Traceback (most recent call last):
  File "/usr/local/lib/python3.6/dist-packages/google/protobuf/internal/python_message.py", line 702, in field_setter
    new_value = type_checker.CheckValue(new_value)
  File "/usr/local/lib/python3.6/dist-packages/google/protobuf/internal/type_checkers.py", line 198, in CheckValue
    raise TypeError(message)
TypeError: 1 has type <class 'int'>, but expected one of: (<class 'bytes'>, <class 'str'>)

During handling of the above exception, another exception occurred:

Traceback (most recent call last):
  File "/usr/local/lib/python3.6/dist-packages/grpc/_server.py", line 443, in _call_behavior
    response_or_iterator = behavior(argument, context)
  File "/.autodirect/mtrswgwork/egershon/git/ufm_sdk_3.0/plugins/grpc_streamer_plugin/ufm_sim_web_service/grpc_server.py", line 172, in RunOnceJob
    messages = job.all_result()
  File "/.autodirect/mtrswgwork/egershon/git/ufm_sdk_3.0/plugins/grpc_streamer_plugin/ufm_sim_web_service/Destination.py", line 105, in all_result
    output.append(self._encode_results_(message[0], message[1]))
  File "/.autodirect/mtrswgwork/egershon/git/ufm_sdk_3.0/plugins/grpc_streamer_plugin/ufm_sim_web_service/Destination.py", line 141, in _encode_results_
    des_message.job_id = Destination.job_id_messages
  File "/usr/local/lib/python3.6/dist-packages/google/protobuf/internal/python_message.py", line 705, in field_setter
    'Cannot set %s to %.1024r: %s' % (field.full_name, new_value, e))
TypeError: Cannot set gRPCStreamerParams.job_id to 1: 1 has type <class 'int'>, but expected one of: (<class 'bytes'>, <class 'str'>)
2022-09-20 18:11:11,283 UFM-gRPC-Streamer-log_file_name Machine: localhost     INFO   : Creating new session to the ufm. local
2022-09-20 18:11:11,286 UFM-gRPC-Streamer-log_file_name Machine: localhost     INFO   : Cannot create destination. %sAlready exists destination: local
2022-09-20 18:11:11,290 UFM-gRPC-Streamer-log_file_name Machine: localhost     INFO   : Called to extract api data from a job once. local
2022-09-20 18:11:11,335 UFM-gRPC-Streamer-log_file_name Machine: localhost     ERROR  : Exception calling application: Cannot set gRPCStreamerParams.job_id to 1: 1 has type <class 'int'>, but expected one of: (<class 'bytes'>, <class 'str'>)
Traceback (most recent call last):
  File "/usr/local/lib/python3.6/dist-packages/google/protobuf/internal/python_message.py", line 702, in field_setter
    new_value = type_checker.CheckValue(new_value)
  File "/usr/local/lib/python3.6/dist-packages/google/protobuf/internal/type_checkers.py", line 198, in CheckValue
    raise TypeError(message)
TypeError: 1 has type <class 'int'>, but expected one of: (<class 'bytes'>, <class 'str'>)

During handling of the above exception, another exception occurred:

Traceback (most recent call last):
  File "/usr/local/lib/python3.6/dist-packages/grpc/_server.py", line 443, in _call_behavior
    response_or_iterator = behavior(argument, context)
  File "/.autodirect/mtrswgwork/egershon/git/ufm_sdk_3.0/plugins/grpc_streamer_plugin/ufm_sim_web_service/grpc_server.py", line 172, in RunOnceJob
    messages = job.all_result()
  File "/.autodirect/mtrswgwork/egershon/git/ufm_sdk_3.0/plugins/grpc_streamer_plugin/ufm_sim_web_service/Destination.py", line 105, in all_result
    output.append(self._encode_results_(message[0], message[1]))
  File "/.autodirect/mtrswgwork/egershon/git/ufm_sdk_3.0/plugins/grpc_streamer_plugin/ufm_sim_web_service/Destination.py", line 141, in _encode_results_
    des_message.job_id = Destination.job_id_messages
  File "/usr/local/lib/python3.6/dist-packages/google/protobuf/internal/python_message.py", line 705, in field_setter
    'Cannot set %s to %.1024r: %s' % (field.full_name, new_value, e))
TypeError: Cannot set gRPCStreamerParams.job_id to 1: 1 has type <class 'int'>, but expected one of: (<class 'bytes'>, <class 'str'>)
2022-09-20 18:11:14,797 UFM-gRPC-Streamer-log_file_name Machine: localhost     INFO   : Creating new session to the ufm. local
2022-09-20 18:11:14,800 UFM-gRPC-Streamer-log_file_name Machine: localhost     INFO   : Cannot create destination. %sAlready exists destination: local
2022-09-20 18:11:14,804 UFM-gRPC-Streamer-log_file_name Machine: localhost     INFO   : Called to extract api data from a job once. local
2022-09-20 18:11:14,850 UFM-gRPC-Streamer-log_file_name Machine: localhost     ERROR  : Exception calling application: Cannot set gRPCStreamerParams.job_id to 1: 1 has type <class 'int'>, but expected one of: (<class 'bytes'>, <class 'str'>)
Traceback (most recent call last):
  File "/usr/local/lib/python3.6/dist-packages/google/protobuf/internal/python_message.py", line 702, in field_setter
    new_value = type_checker.CheckValue(new_value)
  File "/usr/local/lib/python3.6/dist-packages/google/protobuf/internal/type_checkers.py", line 198, in CheckValue
    raise TypeError(message)
TypeError: 1 has type <class 'int'>, but expected one of: (<class 'bytes'>, <class 'str'>)

During handling of the above exception, another exception occurred:

Traceback (most recent call last):
  File "/usr/local/lib/python3.6/dist-packages/grpc/_server.py", line 443, in _call_behavior
    response_or_iterator = behavior(argument, context)
  File "/.autodirect/mtrswgwork/egershon/git/ufm_sdk_3.0/plugins/grpc_streamer_plugin/ufm_sim_web_service/grpc_server.py", line 172, in RunOnceJob
    messages = job.all_result()
  File "/.autodirect/mtrswgwork/egershon/git/ufm_sdk_3.0/plugins/grpc_streamer_plugin/ufm_sim_web_service/Destination.py", line 105, in all_result
    output.append(self._encode_results_(message[0], message[1]))
  File "/.autodirect/mtrswgwork/egershon/git/ufm_sdk_3.0/plugins/grpc_streamer_plugin/ufm_sim_web_service/Destination.py", line 141, in _encode_results_
    des_message.job_id = Destination.job_id_messages
  File "/usr/local/lib/python3.6/dist-packages/google/protobuf/internal/python_message.py", line 705, in field_setter
    'Cannot set %s to %.1024r: %s' % (field.full_name, new_value, e))
TypeError: Cannot set gRPCStreamerParams.job_id to 1: 1 has type <class 'int'>, but expected one of: (<class 'bytes'>, <class 'str'>)
2022-09-20 18:11:34,695 UFM-gRPC-Streamer-log_file_name Machine: localhost     INFO   : Creating new session to the ufm. local
2022-09-20 18:11:34,700 UFM-gRPC-Streamer-log_file_name Machine: localhost     INFO   : Cannot create destination. %sAlready exists destination: local
2022-09-20 18:11:34,704 UFM-gRPC-Streamer-log_file_name Machine: localhost     INFO   : Called to extract api data from a job once. local
2022-09-20 18:11:34,744 UFM-gRPC-Streamer-log_file_name Machine: localhost     ERROR  : Exception calling application: Cannot set gRPCStreamerParams.job_id to 1: 1 has type <class 'int'>, but expected one of: (<class 'bytes'>, <class 'str'>)
Traceback (most recent call last):
  File "/usr/local/lib/python3.6/dist-packages/google/protobuf/internal/python_message.py", line 702, in field_setter
    new_value = type_checker.CheckValue(new_value)
  File "/usr/local/lib/python3.6/dist-packages/google/protobuf/internal/type_checkers.py", line 198, in CheckValue
    raise TypeError(message)
TypeError: 1 has type <class 'int'>, but expected one of: (<class 'bytes'>, <class 'str'>)

During handling of the above exception, another exception occurred:

Traceback (most recent call last):
  File "/usr/local/lib/python3.6/dist-packages/grpc/_server.py", line 443, in _call_behavior
    response_or_iterator = behavior(argument, context)
  File "/.autodirect/mtrswgwork/egershon/git/ufm_sdk_3.0/plugins/grpc_streamer_plugin/ufm_sim_web_service/grpc_server.py", line 172, in RunOnceJob
    messages = job.all_result()
  File "/.autodirect/mtrswgwork/egershon/git/ufm_sdk_3.0/plugins/grpc_streamer_plugin/ufm_sim_web_service/Destination.py", line 105, in all_result
    output.append(self._encode_results_(message[0], message[1]))
  File "/.autodirect/mtrswgwork/egershon/git/ufm_sdk_3.0/plugins/grpc_streamer_plugin/ufm_sim_web_service/Destination.py", line 141, in _encode_results_
    des_message.job_id = Destination.job_id_messages
  File "/usr/local/lib/python3.6/dist-packages/google/protobuf/internal/python_message.py", line 705, in field_setter
    'Cannot set %s to %.1024r: %s' % (field.full_name, new_value, e))
TypeError: Cannot set gRPCStreamerParams.job_id to 1: 1 has type <class 'int'>, but expected one of: (<class 'bytes'>, <class 'str'>)
2022-09-20 18:11:55,356 UFM-gRPC-Streamer-log_file_name Machine: localhost     INFO   : Creating new session to the ufm. local
2022-09-20 18:11:55,360 UFM-gRPC-Streamer-log_file_name Machine: localhost     INFO   : Cannot create destination. %sAlready exists destination: local
2022-09-20 18:12:15,204 UFM-gRPC-Streamer-log_file_name Machine: localhost     INFO   : Called to extract api data from a job once. local
2022-09-20 18:13:25,350 UFM-gRPC-Streamer-log_file_name Machine: localhost     INFO   : Stopping server with host localhost
2022-09-20 18:13:28,704 UFM-gRPC-Streamer-log_file_name Machine: localhost     INFO   : Starting server with host localhost
2022-09-20 18:13:34,011 UFM-gRPC-Streamer-log_file_name Machine: localhost     INFO   : Creating new session to the ufm. local
2022-09-20 18:13:34,016 UFM-gRPC-Streamer-log_file_name Machine: localhost     INFO   : Creating new destination: local
2022-09-20 18:13:41,436 UFM-gRPC-Streamer-log_file_name Machine: localhost     INFO   : Stopping server with host localhost
2022-09-20 18:13:46,332 UFM-gRPC-Streamer-log_file_name Machine: localhost     INFO   : Starting server with host localhost
2022-09-20 18:13:48,320 UFM-gRPC-Streamer-log_file_name Machine: localhost     INFO   : Creating new session to the ufm. local
2022-09-20 18:13:48,323 UFM-gRPC-Streamer-log_file_name Machine: localhost     INFO   : Creating new destination: local
2022-09-20 18:13:48,326 UFM-gRPC-Streamer-log_file_name Machine: localhost     INFO   : Called to extract api data from a job once. local
2022-09-20 18:14:01,797 UFM-gRPC-Streamer-log_file_name Machine: localhost     INFO   : Creating new session to the ufm. local
2022-09-20 18:14:01,799 UFM-gRPC-Streamer-log_file_name Machine: localhost     INFO   : Cannot create destination. %sAlready exists destination: local
2022-09-20 18:14:01,803 UFM-gRPC-Streamer-log_file_name Machine: localhost     INFO   : Called to extract api data from a job periodically. local
2022-09-20 18:14:01,804 UFM-gRPC-Streamer-log_file_name Machine: localhost     INFO   : String to stream job with threads. start 3 threads for the ip local of <grpc._server._Context object at 0x7fd928a608d0>
2022-09-20 18:14:01,810 UFM-gRPC-Streamer-log_file_name Machine: localhost     INFO   : String to stream job with threads. local
2022-09-20 18:14:15,053 UFM-gRPC-Streamer-log_file_name Machine: localhost     INFO   : Stopping stream because client stop connecting to the server. %s
2022-09-20 18:15:10,558 UFM-gRPC-Streamer-log_file_name Machine: localhost     INFO   : Starting server with host localhost
2022-09-20 18:18:13,341 UFM-gRPC-Streamer-log_file_name Machine: localhost     INFO   : Creating new session to the ufm. client1
2022-09-20 18:18:13,345 UFM-gRPC-Streamer-log_file_name Machine: localhost     INFO   : Called to run once an api data from a new destination. client1
2022-09-20 18:20:02,202 UFM-gRPC-Streamer-log_file_name Machine: localhost     INFO   : Creating new session to the ufm. client2
2022-09-20 18:20:02,206 UFM-gRPC-Streamer-log_file_name Machine: localhost     INFO   : Called to run stream an api data from a new destination. client2
2022-09-20 18:20:02,206 UFM-gRPC-Streamer-log_file_name Machine: localhost     INFO   : String to stream job with threads. start 3 threads for the ip client2 of <grpc._server._Context object at 0x7fd922789c18>
2022-09-20 18:20:02,214 UFM-gRPC-Streamer-log_file_name Machine: localhost     INFO   : String to stream job with threads. client2
2022-09-20 18:20:02,216 UFM-gRPC-Streamer-log_file_name Machine: localhost     ERROR  : Cant run client without creating Destination, please use AddDestination first.
2022-09-20 18:24:19,051 UFM-gRPC-Streamer-log_file_name Machine: localhost     INFO   : Stopping server with host localhost
2022-09-20 18:25:10,609 UFM-gRPC-Streamer-log_file_name Machine: localhost     INFO   : Starting server with host localhost
2022-09-20 18:25:30,968 UFM-gRPC-Streamer-log_file_name Machine: localhost     INFO   : Creating new session to the ufm. client2
2022-09-20 18:25:30,972 UFM-gRPC-Streamer-log_file_name Machine: localhost     INFO   : Called to run stream an api data from a new destination. client2
2022-09-20 18:25:30,972 UFM-gRPC-Streamer-log_file_name Machine: localhost     INFO   : String to stream job with threads. start 3 threads for the ip client2 of <grpc._server._Context object at 0x7f592c7c9c50>
2022-09-20 18:25:30,979 UFM-gRPC-Streamer-log_file_name Machine: localhost     INFO   : String to stream job with threads. client2
2022-09-20 18:25:30,980 UFM-gRPC-Streamer-log_file_name Machine: localhost     ERROR  : Cant run client without creating Destination, please use AddDestination first.
2022-09-20 18:25:30,983 UFM-gRPC-Streamer-log_file_name Machine: localhost     INFO   : Stopping stream because client stop connecting to the server. %s
2022-09-20 18:27:53,877 UFM-gRPC-Streamer-log_file_name Machine: localhost     INFO   : Starting server with host localhost
2022-09-20 18:28:00,561 UFM-gRPC-Streamer-log_file_name Machine: localhost     INFO   : Creating new session to the ufm. local
2022-09-20 18:28:00,566 UFM-gRPC-Streamer-log_file_name Machine: localhost     INFO   : Creating new destination: local
2022-09-20 18:28:00,571 UFM-gRPC-Streamer-log_file_name Machine: localhost     INFO   : Called to extract api data from a job periodically. local
2022-09-20 18:28:00,572 UFM-gRPC-Streamer-log_file_name Machine: localhost     INFO   : String to stream job with threads. start 3 threads for the ip local of <grpc._server._Context object at 0x7f90797edb00>
2022-09-20 18:28:00,590 UFM-gRPC-Streamer-log_file_name Machine: localhost     INFO   : String to stream job with threads. local
2022-09-20 18:28:24,779 UFM-gRPC-Streamer-log_file_name Machine: localhost     INFO   : Stopping stream because client stop connecting to the server. %s
2022-09-20 18:28:30,721 UFM-gRPC-Streamer-log_file_name Machine: localhost     INFO   : Stopping server with host localhost
2022-09-20 18:28:46,723 UFM-gRPC-Streamer-log_file_name Machine: localhost     INFO   : Starting server with host localhost
2022-09-20 18:29:16,499 UFM-gRPC-Streamer-log_file_name Machine: localhost     INFO   : Creating new session to the ufm. client1
2022-09-20 18:30:59,790 UFM-gRPC-Streamer-log_file_name Machine: localhost     INFO   : Starting server with host localhost
2022-09-20 18:31:32,216 UFM-gRPC-Streamer-log_file_name Machine: localhost     INFO   : Creating new session to the ufm. client1
2022-09-20 18:33:01,941 UFM-gRPC-Streamer-log_file_name Machine: localhost     INFO   : Starting server with host localhost
2022-09-20 18:33:17,993 UFM-gRPC-Streamer-log_file_name Machine: localhost     INFO   : Creating new session to the ufm. client1
2022-09-20 18:33:42,508 UFM-gRPC-Streamer-log_file_name Machine: localhost     INFO   : Creating new destination: client1
2022-09-20 18:34:49,243 UFM-gRPC-Streamer-log_file_name Machine: localhost     INFO   : Starting server with host localhost
2022-09-20 18:34:59,538 UFM-gRPC-Streamer-log_file_name Machine: localhost     INFO   : Creating new session to the ufm. client1
2022-09-20 18:35:04,128 UFM-gRPC-Streamer-log_file_name Machine: localhost     INFO   : Creating new destination: client1
2022-09-20 18:36:18,306 UFM-gRPC-Streamer-log_file_name Machine: localhost     INFO   : Starting server with host localhost
2022-09-20 18:36:31,207 UFM-gRPC-Streamer-log_file_name Machine: localhost     INFO   : Creating new session to the ufm. client1
2022-09-20 18:36:40,559 UFM-gRPC-Streamer-log_file_name Machine: localhost     INFO   : Creating new destination: client1
2022-09-20 18:37:12,119 UFM-gRPC-Streamer-log_file_name Machine: localhost     INFO   : Starting server with host localhost
2022-09-20 18:37:30,668 UFM-gRPC-Streamer-log_file_name Machine: localhost     INFO   : Creating new session to the ufm. client1
2022-09-20 18:37:37,402 UFM-gRPC-Streamer-log_file_name Machine: localhost     INFO   : Creating new destination: client1
2022-09-20 18:39:08,404 UFM-gRPC-Streamer-log_file_name Machine: localhost     INFO   : Creating new session to the ufm. local
2022-09-20 18:39:08,410 UFM-gRPC-Streamer-log_file_name Machine: localhost     INFO   : Creating new destination: local
2022-09-20 18:39:08,438 UFM-gRPC-Streamer-log_file_name Machine: localhost     INFO   : Called to extract api data from a job periodically. local
2022-09-20 18:39:08,439 UFM-gRPC-Streamer-log_file_name Machine: localhost     INFO   : String to stream job with threads. start 3 threads for the ip local of <grpc._server._Context object at 0x7fc4c43eb828>
2022-09-20 18:39:08,456 UFM-gRPC-Streamer-log_file_name Machine: localhost     INFO   : String to stream job with threads. local
2022-09-20 18:39:12,245 UFM-gRPC-Streamer-log_file_name Machine: localhost     INFO   : Stopping stream because client stop connecting to the server. %s
2022-09-20 18:39:24,836 UFM-gRPC-Streamer-log_file_name Machine: localhost     INFO   : Starting server with host localhost
2022-09-20 18:42:36,478 UFM-gRPC-Streamer-log_file_name Machine: localhost     INFO   : Creating new session to the ufm. client1
2022-09-20 18:42:37,991 UFM-gRPC-Streamer-log_file_name Machine: localhost     INFO   : Creating new destination: client1
2022-09-20 18:42:58,098 UFM-gRPC-Streamer-log_file_name Machine: localhost     INFO   : Called to extract api data from a job once. client1
2022-09-20 18:43:39,281 UFM-gRPC-Streamer-log_file_name Machine: localhost     INFO   : Starting server with host localhost
2022-09-20 18:43:47,548 UFM-gRPC-Streamer-log_file_name Machine: localhost     INFO   : Creating new session to the ufm. client1
2022-09-20 18:43:47,553 UFM-gRPC-Streamer-log_file_name Machine: localhost     INFO   : Creating new destination: client1
2022-09-20 18:44:27,439 UFM-gRPC-Streamer-log_file_name Machine: localhost     INFO   : Called to extract api data from a job once. client1
2022-09-20 18:44:27,459 UFM-gRPC-Streamer-log_file_name Machine: localhost     ERROR  : Exception calling application: list index out of range
Traceback (most recent call last):
  File "/usr/local/lib/python3.6/dist-packages/grpc/_server.py", line 443, in _call_behavior
    response_or_iterator = behavior(argument, context)
  File "/.autodirect/mtrswgwork/egershon/git/ufm_sdk_3.0/plugins/grpc_streamer_plugin/ufm_sim_web_service/grpc_server.py", line 173, in RunOnceJob
    return grpc_plugin_streamer_pb2.runOnceRespond(job_id=str(messages[0].job_id), results=messages)
IndexError: list index out of range
2022-09-20 18:45:17,570 UFM-gRPC-Streamer-log_file_name Machine: localhost     INFO   : Starting server with host localhost
2022-09-20 18:45:29,775 UFM-gRPC-Streamer-log_file_name Machine: localhost     INFO   : Creating new session to the ufm. client1
2022-09-20 18:45:33,974 UFM-gRPC-Streamer-log_file_name Machine: localhost     INFO   : Creating new destination: client1
2022-09-20 18:45:37,080 UFM-gRPC-Streamer-log_file_name Machine: localhost     INFO   : Called to extract api data from a job once. client1
2022-09-20 18:46:02,313 UFM-gRPC-Streamer-log_file_name Machine: localhost     INFO   : Called to extract api data from a job periodically. client1
2022-09-20 18:46:02,314 UFM-gRPC-Streamer-log_file_name Machine: localhost     INFO   : String to stream job with threads. start 3 threads for the ip client1 of <grpc._server._Context object at 0x7f7b86159b00>
2022-09-20 18:46:02,321 UFM-gRPC-Streamer-log_file_name Machine: localhost     INFO   : String to stream job with threads. client1
2022-09-20 18:49:02,700 UFM-gRPC-Streamer-log_file_name Machine: localhost     INFO   : Starting server with host localhost
2022-09-20 18:49:09,632 UFM-gRPC-Streamer-log_file_name Machine: localhost     INFO   : Creating new session to the ufm. client2
2022-09-20 18:49:09,635 UFM-gRPC-Streamer-log_file_name Machine: localhost     INFO   : Called to run stream an api data from a new destination. client2
2022-09-20 18:49:09,635 UFM-gRPC-Streamer-log_file_name Machine: localhost     INFO   : String to stream job with threads. start 3 threads for the ip client2 of <grpc._server._Context object at 0x7f21545aeb38>
2022-09-20 18:49:09,642 UFM-gRPC-Streamer-log_file_name Machine: localhost     INFO   : String to stream job with threads. client2
2022-09-20 18:49:09,642 UFM-gRPC-Streamer-log_file_name Machine: localhost     ERROR  : Cant run client without creating Destination, please use AddDestination first.
2022-09-20 18:49:09,646 UFM-gRPC-Streamer-log_file_name Machine: localhost     INFO   : Stopping stream because client stop connecting to the server. %s
2022-09-20 18:51:08,155 UFM-gRPC-Streamer-log_file_name Machine: localhost     INFO   : Starting server with host localhost
2022-09-20 18:54:41,195 UFM-gRPC-Streamer-log_file_name Machine: localhost     INFO   : Starting server with host localhost
2022-09-20 18:54:57,648 UFM-gRPC-Streamer-log_file_name Machine: localhost     INFO   : Called to run stream an api data from a new destination. client2
2022-09-20 18:54:57,649 UFM-gRPC-Streamer-log_file_name Machine: localhost     ERROR  : Cant run client without session, please use CreateSession first. Need to create a session
2022-09-20 18:54:57,650 UFM-gRPC-Streamer-log_file_name Machine: localhost     ERROR  : Exception iterating responses: 'gRPCStreamerParams' object is not an iterator
Traceback (most recent call last):
  File "/usr/local/lib/python3.6/dist-packages/grpc/_server.py", line 461, in _take_response_from_response_iterator
    return next(response_iterator), True
TypeError: 'gRPCStreamerParams' object is not an iterator
2022-09-20 18:56:34,882 UFM-gRPC-Streamer-log_file_name Machine: localhost     INFO   : Starting server with host localhost
2022-09-20 19:01:58,901 UFM-gRPC-Streamer-log_file_name Machine: localhost     INFO   : Starting server with host localhost
2022-09-20 19:02:14,206 UFM-gRPC-Streamer-log_file_name Machine: localhost     INFO   : Called to run stream an api data from a new destination. client2
2022-09-20 19:02:14,207 UFM-gRPC-Streamer-log_file_name Machine: localhost     ERROR  : Cant run client without session, please use CreateSession first. Need to create a session
2022-09-20 19:02:14,207 UFM-gRPC-Streamer-log_file_name Machine: localhost     ERROR  : Exception iterating responses: 'gRPCStreamerParams' object is not an iterator
Traceback (most recent call last):
  File "/usr/local/lib/python3.6/dist-packages/grpc/_server.py", line 461, in _take_response_from_response_iterator
    return next(response_iterator), True
TypeError: 'gRPCStreamerParams' object is not an iterator
2022-09-20 19:03:12,522 UFM-gRPC-Streamer-log_file_name Machine: localhost     INFO   : Starting server with host localhost
2022-09-20 19:03:49,846 UFM-gRPC-Streamer-log_file_name Machine: localhost     INFO   : Creating new session to the ufm. local
2022-09-20 19:03:49,849 UFM-gRPC-Streamer-log_file_name Machine: localhost     INFO   : Creating new destination: local
2022-09-20 19:03:49,852 UFM-gRPC-Streamer-log_file_name Machine: localhost     INFO   : Called to extract api data from a job periodically. local
2022-09-20 19:03:49,853 UFM-gRPC-Streamer-log_file_name Machine: localhost     INFO   : String to stream job with threads. start 3 threads for the ip local of <grpc._server._Context object at 0x7f65a8445080>
2022-09-20 19:03:49,859 UFM-gRPC-Streamer-log_file_name Machine: localhost     INFO   : String to stream job with threads. local
2022-09-20 19:07:38,940 UFM-gRPC-Streamer-log_file_name Machine: localhost     INFO   : Starting server with host localhost
2022-09-20 19:08:09,440 UFM-gRPC-Streamer-log_file_name Machine: localhost     INFO   : Called to run once an api data from a new destination. client2
2022-09-20 19:08:09,441 UFM-gRPC-Streamer-log_file_name Machine: localhost     ERROR  : Cant run client without session, please use CreateSession first. Need to create a session
2022-09-20 19:11:24,915 UFM-gRPC-Streamer-log_file_name Machine: localhost     INFO   : Starting server with host localhost
2022-09-20 19:11:41,937 UFM-gRPC-Streamer-log_file_name Machine: localhost     INFO   : Creating new session to the ufm. client2
2022-09-20 19:11:41,942 UFM-gRPC-Streamer-log_file_name Machine: localhost     INFO   : Called to run stream an api data from a new destination. client2
2022-09-20 19:11:41,943 UFM-gRPC-Streamer-log_file_name Machine: localhost     INFO   : String to stream job with threads. start 3 threads for the ip client2 of <grpc._server._Context object at 0x7f53e2ec6be0>
2022-09-20 19:11:41,949 UFM-gRPC-Streamer-log_file_name Machine: localhost     INFO   : String to stream job with threads. client2
2022-09-20 19:11:41,949 UFM-gRPC-Streamer-log_file_name Machine: localhost     ERROR  : Cant run client without creating Destination, please use AddDestination first.
2022-09-20 19:12:34,769 UFM-gRPC-Streamer-log_file_name Machine: localhost     INFO   : Creating new session to the ufm. client3
2022-09-20 19:12:34,772 UFM-gRPC-Streamer-log_file_name Machine: localhost     INFO   : Called to run once an api data from a new destination. client3
2022-09-21 09:02:23,476 UFM-gRPC-Streamer-log_file_name Machine: localhost     INFO   : Starting server with host localhost
2022-09-21 09:02:50,249 UFM-gRPC-Streamer-log_file_name Machine: localhost     INFO   : Creating new session to the ufm. client2
2022-09-21 09:02:50,253 UFM-gRPC-Streamer-log_file_name Machine: localhost     INFO   : Called to run stream an api data from a new destination. client2
2022-09-21 09:02:50,254 UFM-gRPC-Streamer-log_file_name Machine: localhost     INFO   : String to stream job with threads. start 3 threads for the ip client2 of <grpc._server._Context object at 0x7f01d0625588>
2022-09-21 09:02:50,260 UFM-gRPC-Streamer-log_file_name Machine: localhost     INFO   : String to stream job with threads. client2
2022-09-21 09:02:50,260 UFM-gRPC-Streamer-log_file_name Machine: localhost     ERROR  : Cant run client without creating Destination, please use AddDestination first.
2022-09-21 09:02:50,263 UFM-gRPC-Streamer-log_file_name Machine: localhost     INFO   : Stopping stream because client stop connecting to the server. %s
2022-09-21 09:03:27,696 UFM-gRPC-Streamer-log_file_name Machine: localhost     INFO   : Creating new session to the ufm. client2
2022-09-21 09:03:27,700 UFM-gRPC-Streamer-log_file_name Machine: localhost     INFO   : Called to run once an api data from a new destination. client2
2022-09-21 09:03:27,709 UFM-gRPC-Streamer-log_file_name Machine: localhost     ERROR  : Exception calling application: list index out of range
Traceback (most recent call last):
  File "/usr/local/lib/python3.6/dist-packages/grpc/_server.py", line 443, in _call_behavior
    response_or_iterator = behavior(argument, context)
  File "/.autodirect/mtrswgwork/egershon/git/ufm_sdk_3.0/plugins/grpc_streamer_plugin/ufm_sim_web_service/grpc_server.py", line 201, in RunOnce
    return grpc_plugin_streamer_pb2.runOnceRespond(job_id=messages[0].job_id, results=messages)
IndexError: list index out of range
2022-09-21 09:04:49,997 UFM-gRPC-Streamer-log_file_name Machine: localhost     INFO   : Starting server with host localhost
2022-09-21 09:07:36,332 UFM-gRPC-Streamer-log_file_name Machine: localhost     INFO   : Creating new session to the ufm. client1
2022-09-21 09:07:44,435 UFM-gRPC-Streamer-log_file_name Machine: localhost     INFO   : Creating new destination: client1
2022-09-21 09:07:49,042 UFM-gRPC-Streamer-log_file_name Machine: localhost     INFO   : Called to extract api data from a job once. client1
2022-09-21 09:08:21,805 UFM-gRPC-Streamer-log_file_name Machine: localhost     INFO   : Called to extract api data from a job once. client1
2022-09-21 09:09:19,699 UFM-gRPC-Streamer-log_file_name Machine: localhost     INFO   : Starting server with host localhost
2022-09-21 09:09:30,038 UFM-gRPC-Streamer-log_file_name Machine: localhost     INFO   : Creating new session to the ufm. client1
2022-09-21 09:09:35,606 UFM-gRPC-Streamer-log_file_name Machine: localhost     INFO   : Creating new destination: client1
2022-09-21 09:09:40,426 UFM-gRPC-Streamer-log_file_name Machine: localhost     INFO   : Called to extract api data from a job once. client1
2022-09-21 09:10:08,070 UFM-gRPC-Streamer-log_file_name Machine: localhost     INFO   : Creating new session to the ufm. client2
2022-09-21 09:10:08,075 UFM-gRPC-Streamer-log_file_name Machine: localhost     INFO   : Called to run once an api data from a new destination. client2
2022-09-21 09:12:52,212 UFM-gRPC-Streamer-log_file_name Machine: localhost     INFO   : Called to extract api data from a job periodically. client1
2022-09-21 09:12:52,213 UFM-gRPC-Streamer-log_file_name Machine: localhost     INFO   : String to stream job with threads. start 3 threads for the ip client1 of <grpc._server._Context object at 0x7fed14052e10>
2022-09-21 09:12:52,221 UFM-gRPC-Streamer-log_file_name Machine: localhost     INFO   : String to stream job with threads. client1
2022-09-21 09:33:52,555 UFM-gRPC-Streamer-log_file_name Machine: localhost     INFO   : Starting server with host localhost
2022-09-21 09:34:22,129 UFM-gRPC-Streamer-log_file_name Machine: localhost     INFO   : Creating new session to the ufm. client2
2022-09-21 09:34:22,134 UFM-gRPC-Streamer-log_file_name Machine: localhost     INFO   : Called to run stream an api data from a new destination. client2
2022-09-21 09:34:22,134 UFM-gRPC-Streamer-log_file_name Machine: localhost     INFO   : String to stream job with threads. start 3 threads for the ip client2 of <grpc._server._Context object at 0x7f4bcae38e48>
2022-09-21 09:34:22,140 UFM-gRPC-Streamer-log_file_name Machine: localhost     INFO   : String to stream job with threads. client2
2022-09-21 09:34:22,140 UFM-gRPC-Streamer-log_file_name Machine: localhost     ERROR  : Cant run client without creating Destination, please use AddDestination first.
2022-09-21 09:34:22,142 UFM-gRPC-Streamer-log_file_name Machine: localhost     INFO   : Stopping stream because client stop connecting to the server. %s
2022-09-21 09:38:09,742 UFM-gRPC-Streamer-log_file_name Machine: localhost     INFO   : Starting server with host localhost
2022-09-21 09:38:46,515 UFM-gRPC-Streamer-log_file_name Machine: localhost     INFO   : Creating new session to the ufm. client2
2022-09-21 09:38:52,706 UFM-gRPC-Streamer-log_file_name Machine: localhost     INFO   : Called to run stream an api data from a new destination. client2
2022-09-21 09:39:11,959 UFM-gRPC-Streamer-log_file_name Machine: localhost     INFO   : String to stream job with threads. start 3 threads for the ip client2 of <grpc._server._Context object at 0x7f6824d1ae48>
2022-09-21 09:39:40,663 UFM-gRPC-Streamer-log_file_name Machine: localhost     INFO   : String to stream job with threads. client2
2022-09-21 09:39:40,665 UFM-gRPC-Streamer-log_file_name Machine: localhost     ERROR  : Cant run client without creating Destination, please use AddDestination first.
2022-09-21 09:39:40,669 UFM-gRPC-Streamer-log_file_name Machine: localhost     INFO   : Stopping stream because client stop connecting to the server. %s
2022-09-21 09:41:50,807 UFM-gRPC-Streamer-log_file_name Machine: localhost     INFO   : Starting server with host localhost
2022-09-21 09:42:07,655 UFM-gRPC-Streamer-log_file_name Machine: localhost     INFO   : Creating new session to the ufm. client2
2022-09-21 09:42:12,338 UFM-gRPC-Streamer-log_file_name Machine: localhost     INFO   : Called to run stream an api data from a new destination. client2
2022-09-21 09:42:12,339 UFM-gRPC-Streamer-log_file_name Machine: localhost     INFO   : String to stream job with threads. start 3 threads for the ip client2 of <grpc._server._Context object at 0x7f09f81d5f98>
2022-09-21 09:42:13,716 UFM-gRPC-Streamer-log_file_name Machine: localhost     INFO   : String to stream job with threads. client2
